2017-10-28T07:45:35.278359Z mysqld_safe Logging to '/opt/bitnami/mysql/data/1ad1347b4cf6.err'.
2017-10-28T07:45:35.301183Z mysqld_safe Starting mysqld daemon with databases from /opt/bitnami/mysql/data
mysqld: [Warning] World-writable config file '/opt/bitnami/mysql/conf/my.cnf' is ignored.
2017-10-28T07:45:35.466536Z 0 [Warning] TIMESTAMP with implicit DEFAULT value is deprecated. Please use --explicit_defaults_for_timestamp server option (see documentation for more details).
2017-10-28T07:45:35.467635Z 0 [Note] --secure-file-priv is set to NULL. Operations related to importing and exporting data are disabled
2017-10-28T07:45:35.467699Z 0 [Note] /opt/bitnami/mysql/bin/mysqld (mysqld 5.7.20) starting as process 118 ...
2017-10-28T07:45:35.473325Z 0 [Warning] Setting lower_case_table_names=2 because file system for /opt/bitnami/mysql/data/ is case insensitive
2017-10-28T07:45:35.476236Z 0 [Note] InnoDB: PUNCH HOLE support available
2017-10-28T07:45:35.476400Z 0 [Note] InnoDB: Mutexes and rw_locks use GCC atomic builtins
2017-10-28T07:45:35.476567Z 0 [Note] InnoDB: Uses event mutexes
2017-10-28T07:45:35.476730Z 0 [Note] InnoDB: GCC builtin __sync_synchronize() is used for memory barrier
2017-10-28T07:45:35.476884Z 0 [Note] InnoDB: Compressed tables use zlib 1.2.3
2017-10-28T07:45:35.477231Z 0 [Note] InnoDB: Using Linux native AIO
2017-10-28T07:45:35.477556Z 0 [Note] InnoDB: Number of pools: 1
2017-10-28T07:45:35.477778Z 0 [Note] InnoDB: Using CPU crc32 instructions
2017-10-28T07:45:35.478910Z 0 [Note] InnoDB: Initializing buffer pool, total size = 128M, instances = 1, chunk size = 128M
2017-10-28T07:45:35.492430Z 0 [Note] InnoDB: Completed initialization of buffer pool
2017-10-28T07:45:35.496565Z 0 [Note] InnoDB: If the mysqld execution user is authorized, page cleaner thread priority can be changed. See the man page of setpriority().
2017-10-28T07:45:35.533091Z 0 [Note] InnoDB: Highest supported file format is Barracuda.
2017-10-28T07:45:35.583592Z 0 [Note] InnoDB: Creating shared tablespace for temporary tables
2017-10-28T07:45:35.584508Z 0 [Note] InnoDB: Setting file './ibtmp1' size to 12 MB. Physically writing the file full; Please wait ...
2017-10-28T07:45:35.642003Z 0 [Note] InnoDB: File './ibtmp1' size is now 12 MB.
2017-10-28T07:45:35.645352Z 0 [Note] InnoDB: 96 redo rollback segment(s) found. 96 redo rollback segment(s) are active.
2017-10-28T07:45:35.645706Z 0 [Note] InnoDB: 32 non-redo rollback segment(s) are active.
2017-10-28T07:45:35.646120Z 0 [Note] InnoDB: Waiting for purge to start
2017-10-28T07:45:35.698072Z 0 [Note] InnoDB: 5.7.20 started; log sequence number 2602473
2017-10-28T07:45:35.699070Z 0 [Note] Plugin 'FEDERATED' is disabled.
2017-10-28T07:45:35.700680Z 0 [Note] InnoDB: Loading buffer pool(s) from /bitnami/mysql/data/ib_buffer_pool
2017-10-28T07:45:35.717064Z 0 [Warning] World-writable config file './auto.cnf' is ignored.
2017-10-28T07:45:35.717706Z 0 [Warning] World-writable config file './auto.cnf' has been removed.

2017-10-28T07:45:35.718312Z 0 [Note] Salting uuid generator variables, current_pid: 118, server_start_time: 1509176735, bytes_sent: 0, 
2017-10-28T07:45:35.718618Z 0 [Note] Generated uuid: 'fbdce03a-bbb3-11e7-81b3-0242ac120005', server_start_time: 33214048761034261, bytes_sent: 44884224
2017-10-28T07:45:35.718868Z 0 [Warning] No existing UUID has been found, so we assume that this is the first time that this server has been started. Generating a new UUID: fbdce03a-bbb3-11e7-81b3-0242ac120005.
2017-10-28T07:45:35.739475Z 0 [Warning] Failed to set up SSL because of the following SSL library error: SSL context is not usable without certificate and private key
2017-10-28T07:45:35.740557Z 0 [Note] Server hostname (bind-address): '*'; port: 3306
2017-10-28T07:45:35.740816Z 0 [Note] IPv6 is available.
2017-10-28T07:45:35.740983Z 0 [Note]   - '::' resolves to '::';
2017-10-28T07:45:35.741310Z 0 [Note] Server socket created on IP: '::'.
2017-10-28T07:45:35.756912Z 0 [Note] InnoDB: Buffer pool(s) load completed at 171028  7:45:35
2017-10-28T07:45:35.893930Z 0 [Note] Event Scheduler: Loaded 0 events
2017-10-28T07:45:35.894312Z 0 [Note] /opt/bitnami/mysql/bin/mysqld: ready for connections.
Version: '5.7.20'  socket: '/tmp/mysql.sock'  port: 3306  MySQL Community Server (GPL)
2017-10-28T07:45:35.894468Z 0 [Note] Executing 'SELECT * FROM INFORMATION_SCHEMA.TABLES;' to get a list of tables using the deprecated partition engine. You may use the startup option '--disable-partition-engine-check' to skip this check. 
2017-10-28T07:45:35.894610Z 0 [Note] Beginning of list of non-natively partitioned tables
2017-10-28T07:45:36.123578Z 0 [Note] End of list of non-natively partitioned tables
