2017-10-28T08:29:43.526448Z mysqld_safe Logging to '/opt/bitnami/mysql/data/6d60c0169666.err'.
2017-10-28T08:29:43.544655Z mysqld_safe Starting mysqld daemon with databases from /opt/bitnami/mysql/data
mysqld: [Warning] World-writable config file '/opt/bitnami/mysql/conf/my.cnf' is ignored.
2017-10-28T08:29:43.731957Z 0 [Warning] TIMESTAMP with implicit DEFAULT value is deprecated. Please use --explicit_defaults_for_timestamp server option (see documentation for more details).
2017-10-28T08:29:43.732831Z 0 [Note] --secure-file-priv is set to NULL. Operations related to importing and exporting data are disabled
2017-10-28T08:29:43.732866Z 0 [Note] /opt/bitnami/mysql/bin/mysqld (mysqld 5.7.20) starting as process 115 ...
2017-10-28T08:29:43.737891Z 0 [Warning] Setting lower_case_table_names=2 because file system for /opt/bitnami/mysql/data/ is case insensitive
2017-10-28T08:29:43.740731Z 0 [Note] InnoDB: PUNCH HOLE support available
2017-10-28T08:29:43.740919Z 0 [Note] InnoDB: Mutexes and rw_locks use GCC atomic builtins
2017-10-28T08:29:43.741093Z 0 [Note] InnoDB: Uses event mutexes
2017-10-28T08:29:43.741250Z 0 [Note] InnoDB: GCC builtin __sync_synchronize() is used for memory barrier
2017-10-28T08:29:43.741409Z 0 [Note] InnoDB: Compressed tables use zlib 1.2.3
2017-10-28T08:29:43.741566Z 0 [Note] InnoDB: Using Linux native AIO
2017-10-28T08:29:43.741860Z 0 [Note] InnoDB: Number of pools: 1
2017-10-28T08:29:43.742084Z 0 [Note] InnoDB: Using CPU crc32 instructions
2017-10-28T08:29:43.743065Z 0 [Note] InnoDB: Initializing buffer pool, total size = 128M, instances = 1, chunk size = 128M
2017-10-28T08:29:43.747798Z 0 [Note] InnoDB: Completed initialization of buffer pool
2017-10-28T08:29:43.749184Z 0 [Note] InnoDB: If the mysqld execution user is authorized, page cleaner thread priority can be changed. See the man page of setpriority().
2017-10-28T08:29:43.787811Z 0 [Note] InnoDB: Highest supported file format is Barracuda.
2017-10-28T08:29:43.865546Z 0 [Note] InnoDB: Creating shared tablespace for temporary tables
2017-10-28T08:29:43.866500Z 0 [Note] InnoDB: Setting file './ibtmp1' size to 12 MB. Physically writing the file full; Please wait ...
2017-10-28T08:29:43.927451Z 0 [Note] InnoDB: File './ibtmp1' size is now 12 MB.
2017-10-28T08:29:43.932038Z 0 [Note] InnoDB: 96 redo rollback segment(s) found. 96 redo rollback segment(s) are active.
2017-10-28T08:29:43.932329Z 0 [Note] InnoDB: 32 non-redo rollback segment(s) are active.
2017-10-28T08:29:43.933575Z 0 [Note] InnoDB: 5.7.20 started; log sequence number 2602592
2017-10-28T08:29:43.934176Z 0 [Note] Plugin 'FEDERATED' is disabled.
2017-10-28T08:29:43.935174Z 0 [Note] InnoDB: Loading buffer pool(s) from /bitnami/mysql/data/ib_buffer_pool
2017-10-28T08:29:43.966142Z 0 [Warning] Failed to set up SSL because of the following SSL library error: SSL context is not usable without certificate and private key
2017-10-28T08:29:43.966921Z 0 [Note] Server hostname (bind-address): '*'; port: 3306
2017-10-28T08:29:43.967234Z 0 [Note] IPv6 is available.
2017-10-28T08:29:43.967498Z 0 [Note]   - '::' resolves to '::';
2017-10-28T08:29:43.967873Z 0 [Note] Server socket created on IP: '::'.
2017-10-28T08:29:44.000010Z 0 [Note] InnoDB: Buffer pool(s) load completed at 171028  8:29:43
2017-10-28T08:29:44.185709Z 0 [Note] Event Scheduler: Loaded 0 events
2017-10-28T08:29:44.186301Z 0 [Note] /opt/bitnami/mysql/bin/mysqld: ready for connections.
Version: '5.7.20'  socket: '/tmp/mysql.sock'  port: 3306  MySQL Community Server (GPL)
2017-10-28T08:29:44.186603Z 0 [Note] Executing 'SELECT * FROM INFORMATION_SCHEMA.TABLES;' to get a list of tables using the deprecated partition engine. You may use the startup option '--disable-partition-engine-check' to skip this check. 
2017-10-28T08:29:44.186836Z 0 [Note] Beginning of list of non-natively partitioned tables
2017-10-28T08:29:44.466679Z 0 [Note] End of list of non-natively partitioned tables
