2017-10-28T08:09:31.371253Z mysqld_safe Logging to '/opt/bitnami/mysql/data/e918ec192d3a.err'.
2017-10-28T08:09:31.396153Z mysqld_safe Starting mysqld daemon with databases from /opt/bitnami/mysql/data
mysqld: [Warning] World-writable config file '/opt/bitnami/mysql/conf/my.cnf' is ignored.
2017-10-28T08:09:31.572552Z 0 [Warning] TIMESTAMP with implicit DEFAULT value is deprecated. Please use --explicit_defaults_for_timestamp server option (see documentation for more details).
2017-10-28T08:09:31.573547Z 0 [Note] --secure-file-priv is set to NULL. Operations related to importing and exporting data are disabled
2017-10-28T08:09:31.573585Z 0 [Note] /opt/bitnami/mysql/bin/mysqld (mysqld 5.7.20) starting as process 116 ...
2017-10-28T08:09:31.581635Z 0 [Warning] Setting lower_case_table_names=2 because file system for /opt/bitnami/mysql/data/ is case insensitive
2017-10-28T08:09:31.590618Z 0 [Note] InnoDB: PUNCH HOLE support available
2017-10-28T08:09:31.590918Z 0 [Note] InnoDB: Mutexes and rw_locks use GCC atomic builtins
2017-10-28T08:09:31.591136Z 0 [Note] InnoDB: Uses event mutexes
2017-10-28T08:09:31.591316Z 0 [Note] InnoDB: GCC builtin __sync_synchronize() is used for memory barrier
2017-10-28T08:09:31.591498Z 0 [Note] InnoDB: Compressed tables use zlib 1.2.3
2017-10-28T08:09:31.591676Z 0 [Note] InnoDB: Using Linux native AIO
2017-10-28T08:09:31.592048Z 0 [Note] InnoDB: Number of pools: 1
2017-10-28T08:09:31.592317Z 0 [Note] InnoDB: Using CPU crc32 instructions
2017-10-28T08:09:31.593794Z 0 [Note] InnoDB: Initializing buffer pool, total size = 128M, instances = 1, chunk size = 128M
2017-10-28T08:09:31.602525Z 0 [Note] InnoDB: Completed initialization of buffer pool
2017-10-28T08:09:31.604423Z 0 [Note] InnoDB: If the mysqld execution user is authorized, page cleaner thread priority can be changed. See the man page of setpriority().
2017-10-28T08:09:31.644144Z 0 [Note] InnoDB: Highest supported file format is Barracuda.
2017-10-28T08:09:31.655197Z 0 [Note] InnoDB: Log scan progressed past the checkpoint lsn 2602536
2017-10-28T08:09:31.655523Z 0 [Note] InnoDB: Doing recovery: scanned up to log sequence number 2602545
2017-10-28T08:09:31.655697Z 0 [Note] InnoDB: Database was not shutdown normally!
2017-10-28T08:09:31.655867Z 0 [Note] InnoDB: Starting crash recovery.
2017-10-28T08:09:31.843347Z 0 [Note] InnoDB: Removed temporary tablespace data file: "ibtmp1"
2017-10-28T08:09:31.843574Z 0 [Note] InnoDB: Creating shared tablespace for temporary tables
2017-10-28T08:09:31.844652Z 0 [Note] InnoDB: Setting file './ibtmp1' size to 12 MB. Physically writing the file full; Please wait ...
2017-10-28T08:09:31.895232Z 0 [Note] InnoDB: File './ibtmp1' size is now 12 MB.
2017-10-28T08:09:31.899319Z 0 [Note] InnoDB: 96 redo rollback segment(s) found. 96 redo rollback segment(s) are active.
2017-10-28T08:09:31.899627Z 0 [Note] InnoDB: 32 non-redo rollback segment(s) are active.
2017-10-28T08:09:31.900134Z 0 [Note] InnoDB: Waiting for purge to start
2017-10-28T08:09:31.952778Z 0 [Note] InnoDB: 5.7.20 started; log sequence number 2602545
2017-10-28T08:09:31.953468Z 0 [Note] Plugin 'FEDERATED' is disabled.
2017-10-28T08:09:31.954993Z 0 [Note] InnoDB: Loading buffer pool(s) from /bitnami/mysql/data/ib_buffer_pool
2017-10-28T08:09:31.984503Z 0 [Warning] Failed to set up SSL because of the following SSL library error: SSL context is not usable without certificate and private key
2017-10-28T08:09:31.985007Z 0 [Note] Server hostname (bind-address): '*'; port: 3306
2017-10-28T08:09:31.985257Z 0 [Note] IPv6 is available.
2017-10-28T08:09:31.985425Z 0 [Note]   - '::' resolves to '::';
2017-10-28T08:09:31.985631Z 0 [Note] Server socket created on IP: '::'.
2017-10-28T08:09:32.011704Z 0 [Note] InnoDB: Buffer pool(s) load completed at 171028  8:09:32
2017-10-28T08:09:32.175620Z 0 [Note] Event Scheduler: Loaded 0 events
2017-10-28T08:09:32.176033Z 0 [Note] /opt/bitnami/mysql/bin/mysqld: ready for connections.
Version: '5.7.20'  socket: '/tmp/mysql.sock'  port: 3306  MySQL Community Server (GPL)
2017-10-28T08:09:32.180105Z 0 [Note] Executing 'SELECT * FROM INFORMATION_SCHEMA.TABLES;' to get a list of tables using the deprecated partition engine. You may use the startup option '--disable-partition-engine-check' to skip this check. 
2017-10-28T08:09:32.180403Z 0 [Note] Beginning of list of non-natively partitioned tables
2017-10-28T08:09:32.458295Z 0 [Note] End of list of non-natively partitioned tables
2017-10-28T08:18:16.239787Z mysqld_safe Logging to '/opt/bitnami/mysql/data/e918ec192d3a.err'.
2017-10-28T08:18:16.285262Z mysqld_safe Starting mysqld daemon with databases from /opt/bitnami/mysql/data
mysqld: [Warning] World-writable config file '/opt/bitnami/mysql/conf/my.cnf' is ignored.
2017-10-28T08:18:16.467968Z 0 [Warning] TIMESTAMP with implicit DEFAULT value is deprecated. Please use --explicit_defaults_for_timestamp server option (see documentation for more details).
2017-10-28T08:18:16.468824Z 0 [Note] --secure-file-priv is set to NULL. Operations related to importing and exporting data are disabled
2017-10-28T08:18:16.468852Z 0 [Note] /opt/bitnami/mysql/bin/mysqld (mysqld 5.7.20) starting as process 96 ...
2017-10-28T08:18:16.473730Z 0 [Warning] Setting lower_case_table_names=2 because file system for /opt/bitnami/mysql/data/ is case insensitive
2017-10-28T08:18:16.476437Z 0 [Note] InnoDB: PUNCH HOLE support available
2017-10-28T08:18:16.476595Z 0 [Note] InnoDB: Mutexes and rw_locks use GCC atomic builtins
2017-10-28T08:18:16.476725Z 0 [Note] InnoDB: Uses event mutexes
2017-10-28T08:18:16.476849Z 0 [Note] InnoDB: GCC builtin __sync_synchronize() is used for memory barrier
2017-10-28T08:18:16.476971Z 0 [Note] InnoDB: Compressed tables use zlib 1.2.3
2017-10-28T08:18:16.477114Z 0 [Note] InnoDB: Using Linux native AIO
2017-10-28T08:18:16.477400Z 0 [Note] InnoDB: Number of pools: 1
2017-10-28T08:18:16.477617Z 0 [Note] InnoDB: Using CPU crc32 instructions
2017-10-28T08:18:16.478774Z 0 [Note] InnoDB: Initializing buffer pool, total size = 128M, instances = 1, chunk size = 128M
2017-10-28T08:18:16.486294Z 0 [Note] InnoDB: Completed initialization of buffer pool
2017-10-28T08:18:16.488856Z 0 [Note] InnoDB: If the mysqld execution user is authorized, page cleaner thread priority can be changed. See the man page of setpriority().
2017-10-28T08:18:16.528490Z 0 [Note] InnoDB: Highest supported file format is Barracuda.
2017-10-28T08:18:16.540839Z 0 [Note] InnoDB: Log scan progressed past the checkpoint lsn 2602564
2017-10-28T08:18:16.541224Z 0 [Note] InnoDB: Doing recovery: scanned up to log sequence number 2602573
2017-10-28T08:18:16.541399Z 0 [Note] InnoDB: Database was not shutdown normally!
2017-10-28T08:18:16.541570Z 0 [Note] InnoDB: Starting crash recovery.
2017-10-28T08:18:16.741720Z 0 [Note] InnoDB: Removed temporary tablespace data file: "ibtmp1"
2017-10-28T08:18:16.742035Z 0 [Note] InnoDB: Creating shared tablespace for temporary tables
2017-10-28T08:18:16.743017Z 0 [Note] InnoDB: Setting file './ibtmp1' size to 12 MB. Physically writing the file full; Please wait ...
2017-10-28T08:18:16.785277Z 0 [Note] InnoDB: File './ibtmp1' size is now 12 MB.
2017-10-28T08:18:16.789006Z 0 [Note] InnoDB: 96 redo rollback segment(s) found. 96 redo rollback segment(s) are active.
2017-10-28T08:18:16.789416Z 0 [Note] InnoDB: 32 non-redo rollback segment(s) are active.
2017-10-28T08:18:16.790134Z 0 [Note] InnoDB: Waiting for purge to start
2017-10-28T08:18:16.843157Z 0 [Note] InnoDB: 5.7.20 started; log sequence number 2602573
2017-10-28T08:18:16.844727Z 0 [Note] Plugin 'FEDERATED' is disabled.
2017-10-28T08:18:16.846707Z 0 [Note] InnoDB: Loading buffer pool(s) from /bitnami/mysql/data/ib_buffer_pool
2017-10-28T08:18:16.891211Z 0 [Warning] Failed to set up SSL because of the following SSL library error: SSL context is not usable without certificate and private key
2017-10-28T08:18:16.891862Z 0 [Note] Server hostname (bind-address): '*'; port: 3306
2017-10-28T08:18:16.892252Z 0 [Note] IPv6 is available.
2017-10-28T08:18:16.892578Z 0 [Note]   - '::' resolves to '::';
2017-10-28T08:18:16.892862Z 0 [Note] Server socket created on IP: '::'.
2017-10-28T08:18:16.893331Z 0 [ERROR] Another process with pid 116 is using unix socket file.
2017-10-28T08:18:16.893595Z 0 [ERROR] Unable to setup unix socket lock file.
2017-10-28T08:18:16.893900Z 0 [ERROR] Aborting

2017-10-28T08:18:16.894187Z 0 [Note] Binlog end
2017-10-28T08:18:16.894517Z 0 [Note] Shutting down plugin 'ngram'
2017-10-28T08:18:16.894760Z 0 [Note] Shutting down plugin 'BLACKHOLE'
2017-10-28T08:18:16.895014Z 0 [Note] Shutting down plugin 'partition'
2017-10-28T08:18:16.895326Z 0 [Note] Shutting down plugin 'ARCHIVE'
2017-10-28T08:18:16.895606Z 0 [Note] Shutting down plugin 'MyISAM'
2017-10-28T08:18:16.896006Z 0 [Note] Shutting down plugin 'CSV'
2017-10-28T08:18:16.896314Z 0 [Note] Shutting down plugin 'INNODB_SYS_VIRTUAL'
2017-10-28T08:18:16.896783Z 0 [Note] Shutting down plugin 'INNODB_SYS_DATAFILES'
2017-10-28T08:18:16.897045Z 0 [Note] Shutting down plugin 'INNODB_SYS_TABLESPACES'
2017-10-28T08:18:16.897370Z 0 [Note] Shutting down plugin 'INNODB_SYS_FOREIGN_COLS'
2017-10-28T08:18:16.897670Z 0 [Note] Shutting down plugin 'INNODB_SYS_FOREIGN'
2017-10-28T08:18:16.897928Z 0 [Note] Shutting down plugin 'INNODB_SYS_FIELDS'
2017-10-28T08:18:16.898185Z 0 [Note] Shutting down plugin 'INNODB_SYS_COLUMNS'
2017-10-28T08:18:16.898569Z 0 [Note] Shutting down plugin 'INNODB_SYS_INDEXES'
2017-10-28T08:18:16.898832Z 0 [Note] Shutting down plugin 'INNODB_SYS_TABLESTATS'
2017-10-28T08:18:16.899105Z 0 [Note] Shutting down plugin 'INNODB_SYS_TABLES'
2017-10-28T08:18:16.899434Z 0 [Note] Shutting down plugin 'INNODB_FT_INDEX_TABLE'
2017-10-28T08:18:16.899789Z 0 [Note] Shutting down plugin 'INNODB_FT_INDEX_CACHE'
2017-10-28T08:18:16.900067Z 0 [Note] Shutting down plugin 'INNODB_FT_CONFIG'
2017-10-28T08:18:16.900323Z 0 [Note] Shutting down plugin 'INNODB_FT_BEING_DELETED'
2017-10-28T08:18:16.900621Z 0 [Note] Shutting down plugin 'INNODB_FT_DELETED'
2017-10-28T08:18:16.900964Z 0 [Note] Shutting down plugin 'INNODB_FT_DEFAULT_STOPWORD'
2017-10-28T08:18:16.901306Z 0 [Note] Shutting down plugin 'INNODB_METRICS'
2017-10-28T08:18:16.901562Z 0 [Note] Shutting down plugin 'INNODB_TEMP_TABLE_INFO'
2017-10-28T08:18:16.901783Z 0 [Note] Shutting down plugin 'INNODB_BUFFER_POOL_STATS'
2017-10-28T08:18:16.902131Z 0 [Note] Shutting down plugin 'INNODB_BUFFER_PAGE_LRU'
2017-10-28T08:18:16.902557Z 0 [Note] Shutting down plugin 'INNODB_BUFFER_PAGE'
2017-10-28T08:18:16.902836Z 0 [Note] Shutting down plugin 'INNODB_CMP_PER_INDEX_RESET'
2017-10-28T08:18:16.903056Z 0 [Note] Shutting down plugin 'INNODB_CMP_PER_INDEX'
2017-10-28T08:18:16.903341Z 0 [Note] Shutting down plugin 'INNODB_CMPMEM_RESET'
2017-10-28T08:18:16.903591Z 0 [Note] Shutting down plugin 'INNODB_CMPMEM'
2017-10-28T08:18:16.903875Z 0 [Note] Shutting down plugin 'INNODB_CMP_RESET'
2017-10-28T08:18:16.904158Z 0 [Note] Shutting down plugin 'INNODB_CMP'
2017-10-28T08:18:16.905033Z 0 [Note] Shutting down plugin 'INNODB_LOCK_WAITS'
2017-10-28T08:18:16.905445Z 0 [Note] Shutting down plugin 'INNODB_LOCKS'
2017-10-28T08:18:16.905819Z 0 [Note] Shutting down plugin 'INNODB_TRX'
2017-10-28T08:18:16.906008Z 0 [Note] Shutting down plugin 'InnoDB'
2017-10-28T08:18:16.906334Z 0 [Note] InnoDB: FTS optimize thread exiting.
2017-10-28T08:18:16.906721Z 0 [Note] InnoDB: Starting shutdown...
2017-10-28T08:18:16.908382Z 0 [Note] InnoDB: Buffer pool(s) load completed at 171028  8:18:16
2017-10-28T08:18:16.909096Z 0 [Note] InnoDB: Dumping buffer pool(s) to /bitnami/mysql/data/ib_buffer_pool
2017-10-28T08:18:16.911627Z 0 [Note] InnoDB: Buffer pool(s) dump completed at 171028  8:18:16
2017-10-28T08:18:18.652055Z 0 [Note] InnoDB: Shutdown completed; log sequence number 2602592
2017-10-28T08:18:18.654893Z 0 [Note] InnoDB: Removed temporary tablespace data file: "ibtmp1"
2017-10-28T08:18:18.655297Z 0 [Note] Shutting down plugin 'MEMORY'
2017-10-28T08:18:18.655693Z 0 [Note] Shutting down plugin 'MRG_MYISAM'
2017-10-28T08:18:18.656051Z 0 [Note] Shutting down plugin 'PERFORMANCE_SCHEMA'
2017-10-28T08:18:18.656579Z 0 [Note] Shutting down plugin 'sha256_password'
2017-10-28T08:18:18.656931Z 0 [Note] Shutting down plugin 'mysql_native_password'
2017-10-28T08:18:18.657457Z 0 [Note] Shutting down plugin 'binlog'
2017-10-28T08:18:18.660124Z 0 [Note] /opt/bitnami/mysql/bin/mysqld: Shutdown complete

2017-10-28T08:18:18.763129Z mysqld_safe mysqld from pid file /opt/bitnami/mysql/data/e918ec192d3a.pid ended
